<?xml version="1.0" encoding="UTF-8"?>
<testsuite xmlns:xsi="http://www.w3.org/2001/XMLSchema-instance" xsi:noNamespaceSchemaLocation="https://maven.apache.org/surefire/maven-surefire-plugin/xsd/surefire-test-report-3.0.xsd" version="3.0" name="TestSuite" time="31.45" tests="2" errors="0" skipped="0" failures="1">
  <properties>
[...]
</properties>
  <testcase name="runScenario[&quot;&quot;, &quot;Login&quot;](1)" classname="runners.TestRunner" time="11.687">
    <system-out><![CDATA[
@scenario1
Scenario Outline:                                                           # src/test/java/features/Login.feature:14
  ✔ Given I navigate to "https://rahulshettyacademy.com/loginpagePractise/" # stepDefinitions.LoginSteps.i_navigate_to(java.lang.String)
  ✔ And I enter rahulshettyacademy into username field                      # stepDefinitions.LoginSteps.i_enter_into_username_field(java.lang.String)
  ✔ When I click on submit button                                           # stepDefinitions.LoginSteps.i_click_on_submit_button()
ProtoCommerce Home
  ✔ Then I should get logged-in                                             # stepDefinitions.LoginSteps.i_should_get_logged_in()
]]></system-out>
    <system-err><![CDATA[SLF4J(W): No SLF4J providers were found.
SLF4J(W): Defaulting to no-operation (NOP) logger implementation
SLF4J(W): See https://www.slf4j.org/codes.html#noProviders for further details.
Jun 11, 2026 8:52:25 AM org.openqa.selenium.devtools.CdpVersionFinder findNearestMatch
WARNING: Unable to find an exact match for CDP version 149, returning the closest version; found: 147; Please update to a Selenium version that supports CDP version 149
]]></system-err>
  </testcase>
  <testcase name="runScenario[&quot;&quot;, &quot;Login&quot;](2)" classname="runners.TestRunner" time="17.09">
    <failure message="no such element: Unable to locate element: {&quot;method&quot;:&quot;xpath&quot;,&quot;selector&quot;:&quot;//a[text()=&apos;ProtoCommerce Home&apos;]&quot;}&#10;  (Session info: chrome=149.0.7827.103)&#10;For documentation on this error, please visit: https://www.selenium.dev/documentation/webdriver/troubleshooting/errors#nosuchelementexception&#10;Build info: version: &apos;4.43.0&apos;, revision: &apos;dd0f534&apos;&#10;System info: os.name: &apos;Windows 11&apos;, os.arch: &apos;amd64&apos;, os.version: &apos;10.0&apos;, java.version: &apos;21.0.8&apos;&#10;Driver info: org.openqa.selenium.chrome.ChromeDriver&#10;Command: [a8df8cf8d56676aac8c3f01957b5be17, findElement {using=xpath, value=//a[text()=&apos;ProtoCommerce Home&apos;]}]&#10;Capabilities {acceptInsecureCerts: false, browserName: chrome, browserVersion: 149.0.7827.103, chrome: {chromedriverVersion: 149.0.7827.55 (3188f8a607ae..., userDataDir: C:\Users\George\AppData\Loc...}, fedcm:accounts: true, goog:chromeOptions: {debuggerAddress: localhost:54374}, goog:processID: 11616, networkConnectionEnabled: false, pageLoadStrategy: normal, platformName: windows, proxy: Proxy(), se:cdp: ws://localhost:54374/devtoo..., se:cdpVersion: 149.0.7827.103, setWindowRect: true, strictFileInteractability: false, timeouts: {implicit: 0, pageLoad: 300000, script: 30000}, unhandledPromptBehavior: dismiss and notify, webauthn:extension:credBlob: true, webauthn:extension:largeBlob: true, webauthn:extension:minPinLength: true, webauthn:extension:prf: true, webauthn:virtualAuthenticators: true}&#10;Session ID: a8df8cf8d56676aac8c3f01957b5be17" type="org.openqa.selenium.NoSuchElementException"><![CDATA[org.openqa.selenium.NoSuchElementException: 
no such element: Unable to locate element: {"method":"xpath","selector":"//a[text()='ProtoCommerce Home']"}
  (Session info: chrome=149.0.7827.103)
For documentation on this error, please visit: https://www.selenium.dev/documentation/webdriver/troubleshooting/errors#nosuchelementexception
Build info: version: '4.43.0', revision: 'dd0f534'
System info: os.name: 'Windows 11', os.arch: 'amd64', os.version: '10.0', java.version: '21.0.8'
Driver info: org.openqa.selenium.chrome.ChromeDriver
Command: [a8df8cf8d56676aac8c3f01957b5be17, findElement {using=xpath, value=//a[text()='ProtoCommerce Home']}]
Capabilities {acceptInsecureCerts: false, browserName: chrome, browserVersion: 149.0.7827.103, chrome: {chromedriverVersion: 149.0.7827.55 (3188f8a607ae..., userDataDir: C:\Users\George\AppData\Loc...}, fedcm:accounts: true, goog:chromeOptions: {debuggerAddress: localhost:54374}, goog:processID: 11616, networkConnectionEnabled: false, pageLoadStrategy: normal, platformName: windows, proxy: Proxy(), se:cdp: ws://localhost:54374/devtoo..., se:cdpVersion: 149.0.7827.103, setWindowRect: true, strictFileInteractability: false, timeouts: {implicit: 0, pageLoad: 300000, script: 30000}, unhandledPromptBehavior: dismiss and notify, webauthn:extension:credBlob: true, webauthn:extension:largeBlob: true, webauthn:extension:minPinLength: true, webauthn:extension:prf: true, webauthn:virtualAuthenticators: true}
Session ID: a8df8cf8d56676aac8c3f01957b5be17
	at org.openqa.selenium.remote.ErrorCodec.decode(ErrorCodec.java:169)
	at org.openqa.selenium.remote.codec.w3c.W3CHttpResponseCodec.decode(W3CHttpResponseCodec.java:142)
	at org.openqa.selenium.remote.codec.w3c.W3CHttpResponseCodec.decode(W3CHttpResponseCodec.java:49)
	at org.openqa.selenium.remote.HttpCommandExecutor.execute(HttpCommandExecutor.java:223)
	at org.openqa.selenium.remote.service.DriverCommandExecutor.invokeExecute(DriverCommandExecutor.java:216)
	at org.openqa.selenium.remote.service.DriverCommandExecutor.execute(DriverCommandExecutor.java:174)
	at org.openqa.selenium.remote.RemoteWebDriver.execute(RemoteWebDriver.java:606)
	at org.openqa.selenium.remote.ElementLocation$ElementFinder$2.findElement(ElementLocation.java:166)
	at org.openqa.selenium.remote.ElementLocation.findElement(ElementLocation.java:60)
	at org.openqa.selenium.remote.RemoteWebDriver.findElement(RemoteWebDriver.java:429)
	at org.openqa.selenium.remote.RemoteWebDriver.findElement(RemoteWebDriver.java:423)
	at stepDefinitions.LoginSteps.i_should_get_logged_in(LoginSteps.java:55)
	at ✽.I should get logged-in(file:///C:/Users/George/eclipse-workspace/GIT_X/src/test/java/features/Login.feature:11)
]]></failure>
    <system-out><![CDATA[
@scenario1
Scenario Outline:                                                           # src/test/java/features/Login.feature:15
  ✔ Given I navigate to "https://rahulshettyacademy.com/loginpagePractise/" # stepDefinitions.LoginSteps.i_navigate_to(java.lang.String)
  ✔ And I enter rahulshettyacademy2 into username field                     # stepDefinitions.LoginSteps.i_enter_into_username_field(java.lang.String)
  ✔ When I click on submit button                                           # stepDefinitions.LoginSteps.i_click_on_submit_button()
  ✘ Then I should get logged-in                                             # stepDefinitions.LoginSteps.i_should_get_logged_in()
        org.openqa.selenium.NoSuchElementException: no such element: Unable to locate element: {"method":"xpath","selector":"//a[text()='ProtoCommerce Home']"}
          (Session info: chrome=149.0.7827.103)
        For documentation on this error, please visit: https://www.selenium.dev/documentation/webdriver/troubleshooting/errors#nosuchelementexception
        Build info: version: '4.43.0', revision: 'dd0f534'
        System info: os.name: 'Windows 11', os.arch: 'amd64', os.version: '10.0', java.version: '21.0.8'
        Driver info: org.openqa.selenium.chrome.ChromeDriver
        Command: [a8df8cf8d56676aac8c3f01957b5be17, findElement {using=xpath, value=//a[text()='ProtoCommerce Home']}]
        Capabilities {acceptInsecureCerts: false, browserName: chrome, browserVersion: 149.0.7827.103, chrome: {chromedriverVersion: 149.0.7827.55 (3188f8a607ae..., userDataDir: C:\Users\George\AppData\Loc...}, fedcm:accounts: true, goog:chromeOptions: {debuggerAddress: localhost:54374}, goog:processID: 11616, networkConnectionEnabled: false, pageLoadStrategy: normal, platformName: windows, proxy: Proxy(), se:cdp: ws://localhost:54374/devtoo..., se:cdpVersion: 149.0.7827.103, setWindowRect: true, strictFileInteractability: false, timeouts: {implicit: 0, pageLoad: 300000, script: 30000}, unhandledPromptBehavior: dismiss and notify, webauthn:extension:credBlob: true, webauthn:extension:largeBlob: true, webauthn:extension:minPinLength: true, webauthn:extension:prf: true, webauthn:virtualAuthenticators: true}
        Session ID: a8df8cf8d56676aac8c3f01957b5be17
        	at org.openqa.selenium.remote.ErrorCodec.decode(ErrorCodec.java:169)
        	at org.openqa.selenium.remote.codec.w3c.W3CHttpResponseCodec.decode(W3CHttpResponseCodec.java:142)
        	at org.openqa.selenium.remote.codec.w3c.W3CHttpResponseCodec.decode(W3CHttpResponseCodec.java:49)
        	at org.openqa.selenium.remote.HttpCommandExecutor.execute(HttpCommandExecutor.java:223)
        	at org.openqa.selenium.remote.service.DriverCommandExecutor.invokeExecute(DriverCommandExecutor.java:216)
        	at org.openqa.selenium.remote.service.DriverCommandExecutor.execute(DriverCommandExecutor.java:174)
        	at org.openqa.selenium.remote.RemoteWebDriver.execute(RemoteWebDriver.java:606)
        	at org.openqa.selenium.remote.ElementLocation$ElementFinder$2.findElement(ElementLocation.java:166)
        	at org.openqa.selenium.remote.ElementLocation.findElement(ElementLocation.java:60)
        	at org.openqa.selenium.remote.RemoteWebDriver.findElement(RemoteWebDriver.java:429)
        	at org.openqa.selenium.remote.RemoteWebDriver.findElement(RemoteWebDriver.java:423)
        	at stepDefinitions.LoginSteps.i_should_get_logged_in(LoginSteps.java:55)
        	at ✽.I should get logged-in(file:///C:/Users/George/eclipse-workspace/GIT_X/src/test/java/features/Login.feature:11)
]]></system-out>
    <system-err><![CDATA[Jun 11, 2026 8:52:36 AM org.openqa.selenium.devtools.CdpVersionFinder findNearestMatch
WARNING: Unable to find an exact match for CDP version 149, returning the closest version; found: 147; Please update to a Selenium version that supports CDP version 149
]]></system-err>
  </testcase>
</testsuite>