<?xml version="1.0" encoding="UTF-8"?>
<!-- Generated by org.testng.reporters.JUnitReportReporter -->
<testsuite hostname="DESKTOP-85Q39TD" failures="1" tests="1" name="runners.TestRunner" time="16.437" errors="0" timestamp="2026-06-11T19:42:27 IST" skipped="0">
  <testcase classname="runners.TestRunner" name="runScenario" time="16.437">
    <failure message="expected [ProtoCommerce Home1] but found [ProtoCommerce Home]" type="java.lang.AssertionError">
      <![CDATA[java.lang.AssertionError: expected [ProtoCommerce Home1] but found [ProtoCommerce Home]
at org.testng.Assert.fail(Assert.java:111)
at org.testng.Assert.failNotEquals(Assert.java:1590)
at org.testng.Assert.assertEqualsImpl(Assert.java:150)
at org.testng.Assert.assertEquals(Assert.java:132)
at org.testng.Assert.assertEquals(Assert.java:656)
at org.testng.Assert.assertEquals(Assert.java:666)
at stepDefinitions.LoginSteps.i_should_get_logged_in(LoginSteps.java:76)
at ✽.I should get logged-in(file:///C:/Users/George/eclipse-workspace/GIT_X/src/test/java/features/Login.feature:10)
]]>
    </failure>
  </testcase> <!-- runScenario -->
</testsuite> <!-- runners.TestRunner -->
